This file contains any messages produced by compilers while
running configure, to aid debugging if configure makes a mistake.

It was created by meme configure 4.9.1, which was
generated by GNU Autoconf 2.68.  Invocation command line was

  $ ./configure --prefix=/Users/luca/Haystack_dependencies --enable-build-libxml2 --enable-build-libxslt

## --------- ##
## Platform. ##
## --------- ##

hostname = MacBook-Pro.local
uname -m = x86_64
uname -r = 15.3.0
uname -s = Darwin
uname -v = Darwin Kernel Version 15.3.0: Thu Dec 10 18:40:58 PST 2015; root:xnu-3248.30.4~1/RELEASE_X86_64

/usr/bin/uname -p = i386
/bin/uname -X     = unknown

/bin/arch              = unknown
/usr/bin/arch -k       = unknown
/usr/convex/getsysinfo = unknown
/usr/bin/hostinfo      = Mach kernel version:
	 Darwin Kernel Version 15.3.0: Thu Dec 10 18:40:58 PST 2015; root:xnu-3248.30.4~1/RELEASE_X86_64
Kernel configured for up to 8 processors.
4 processors are physically available.
8 processors are logically available.
Processor type: x86_64h (Intel x86-64h Haswell)
Processors active: 0 1 2 3 4 5 6 7
Primary memory available: 16.00 gigabytes
Default processor set: 350 tasks, 2117 threads, 8 processors
Load average: 1.00, Mach factor: 6.99
/bin/machine           = unknown
/usr/bin/oslevel       = unknown
/bin/universe          = unknown

PATH: /Users/luca/CRISPResso_dependencies/bin
PATH: /Users/luca/CRISPResso_dependencies/bin
PATH: /Users/luca/Programs/bowtie2-2.2.6
PATH: /Users/luca/anaconda/bin
PATH: /usr/local/bin
PATH: /usr/bin
PATH: /bin
PATH: /usr/sbin
PATH: /sbin
PATH: /opt/X11/bin
PATH: /Users/luca/HAYSTACK/bin


## ----------- ##
## Core tests. ##
## ----------- ##

configure:2376: checking for a BSD-compatible install
configure:2444: result: /usr/bin/install -c
configure:2455: checking whether build environment is sane
configure:2505: result: yes
configure:2646: checking for a thread-safe mkdir -p
configure:2685: result: config/install-sh -c -d
configure:2698: checking for gawk
configure:2728: result: no
configure:2698: checking for mawk
configure:2728: result: no
configure:2698: checking for nawk
configure:2728: result: no
configure:2698: checking for awk
configure:2714: found /usr/bin/awk
configure:2725: result: awk
configure:2736: checking whether make sets $(MAKE)
configure:2758: result: yes
configure:2833: checking how to create a pax tar archive
configure:2846: tar --version
bsdtar 2.8.3 - libarchive 2.8.3
configure:2849: $? = 0
configure:2889: tardir=conftest.dir && eval tar --format=posix -chf - "$tardir" >conftest.tar
configure:2892: $? = 0
configure:2896: tar -xf - <conftest.tar
configure:2899: $? = 0
configure:2912: result: gnutar
configure:2934: checking for style of include used by make
configure:2962: result: GNU
configure:3033: checking for gcc
configure:3049: found /usr/bin/gcc
configure:3060: result: gcc
configure:3289: checking for C compiler version
configure:3298: gcc --version >&5
Apple LLVM version 7.3.0 (clang-703.0.29)
Target: x86_64-apple-darwin15.3.0
Thread model: posix
InstalledDir: /Applications/Xcode.app/Contents/Developer/Toolchains/XcodeDefault.xctoolchain/usr/bin
Configured with: --prefix=/Applications/Xcode.app/Contents/Developer/usr --with-gxx-include-dir=/Applications/Xcode.app/Contents/Developer/Platforms/MacOSX.platform/Developer/SDKs/MacOSX10.11.sdk/usr/include/c++/4.2.1
configure:3309: $? = 0
configure:3298: gcc -v >&5
Configured with: --prefix=/Applications/Xcode.app/Contents/Developer/usr --with-gxx-include-dir=/Applications/Xcode.app/Contents/Developer/Platforms/MacOSX.platform/Developer/SDKs/MacOSX10.11.sdk/usr/include/c++/4.2.1
Apple LLVM version 7.3.0 (clang-703.0.29)
Target: x86_64-apple-darwin15.3.0
Thread model: posix
InstalledDir: /Applications/Xcode.app/Contents/Developer/Toolchains/XcodeDefault.xctoolchain/usr/bin
configure:3309: $? = 0
configure:3298: gcc -V >&5
clang: error: argument to '-V' is missing (expected 1 value)
clang: error: no input files
configure:3309: $? = 1
configure:3298: gcc -qversion >&5
clang: error: unknown argument: '-qversion'
clang: error: no input files
configure:3309: $? = 1
configure:3329: checking whether the C compiler works
configure:3351: gcc    conftest.c  >&5
configure:3355: $? = 0
configure:3403: result: yes
configure:3406: checking for C compiler default output file name
configure:3408: result: a.out
configure:3414: checking for suffix of executables
configure:3421: gcc -o conftest    conftest.c  >&5
configure:3425: $? = 0
configure:3447: result: 
configure:3469: checking whether we are cross compiling
configure:3477: gcc -o conftest    conftest.c  >&5
configure:3481: $? = 0
configure:3488: ./conftest
configure:3492: $? = 0
configure:3507: result: no
configure:3512: checking for suffix of object files
configure:3534: gcc -c   conftest.c >&5
configure:3538: $? = 0
configure:3559: result: o
configure:3563: checking whether we are using the GNU C compiler
configure:3582: gcc -c   conftest.c >&5
configure:3582: $? = 0
configure:3591: result: yes
configure:3600: checking whether gcc accepts -g
configure:3620: gcc -c -g  conftest.c >&5
configure:3620: $? = 0
configure:3661: result: yes
configure:3678: checking for gcc option to accept ISO C89
configure:3742: gcc  -c -g -O2  conftest.c >&5
configure:3742: $? = 0
configure:3755: result: none needed
configure:3777: checking dependency style of gcc
configure:3888: result: gcc3
configure:3904: checking whether gcc and cc understand -c and -o together
configure:3935: gcc -c conftest.c -o conftest2.o >&5
configure:3939: $? = 0
configure:3945: gcc -c conftest.c -o conftest2.o >&5
configure:3949: $? = 0
configure:3960: cc -c conftest.c >&5
configure:3964: $? = 0
configure:3972: cc -c conftest.c -o conftest2.o >&5
configure:3976: $? = 0
configure:3982: cc -c conftest.c -o conftest2.o >&5
configure:3986: $? = 0
configure:4004: result: yes
configure:4058: checking build system type
configure:4072: result: i686-apple-darwin15.3.0
configure:4092: checking host system type
configure:4105: result: i686-apple-darwin15.3.0
configure:4146: checking how to print strings
configure:4173: result: printf
configure:4194: checking for a sed that does not truncate output
configure:4258: result: /usr/bin/sed
configure:4276: checking for grep that handles long lines and -e
configure:4334: result: /usr/bin/grep
configure:4339: checking for egrep
configure:4401: result: /usr/bin/grep -E
configure:4406: checking for fgrep
configure:4468: result: /usr/bin/grep -F
configure:4503: checking for ld used by gcc
configure:4570: result: /Applications/Xcode.app/Contents/Developer/Toolchains/XcodeDefault.xctoolchain/usr/bin/ld
configure:4577: checking if the linker (/Applications/Xcode.app/Contents/Developer/Toolchains/XcodeDefault.xctoolchain/usr/bin/ld) is GNU ld
configure:4592: result: no
configure:4604: checking for BSD- or MS-compatible name lister (nm)
configure:4653: result: /usr/bin/nm -B
configure:4783: checking the name lister (/usr/bin/nm -B) interface
configure:4790: gcc -c -g -O2  conftest.c >&5
configure:4793: /usr/bin/nm -B "conftest.o"
configure:4796: output
0000000000000204 S _some_variable
configure:4803: result: BSD nm
configure:4806: checking whether ln -s works
configure:4810: result: yes
configure:4818: checking the maximum length of command line arguments
configure:4948: result: 196608
configure:4965: checking whether the shell understands some XSI constructs
configure:4975: result: yes
configure:4979: checking whether the shell understands "+="
configure:4985: result: yes
configure:5020: checking how to convert i686-apple-darwin15.3.0 file names to i686-apple-darwin15.3.0 format
configure:5060: result: func_convert_file_noop
configure:5067: checking how to convert i686-apple-darwin15.3.0 file names to toolchain format
configure:5087: result: func_convert_file_noop
configure:5094: checking for /Applications/Xcode.app/Contents/Developer/Toolchains/XcodeDefault.xctoolchain/usr/bin/ld option to reload object files
configure:5101: result: -r
configure:5175: checking for objdump
configure:5205: result: no
configure:5234: checking how to recognize dependent libraries
configure:5436: result: pass_all
configure:5521: checking for dlltool
configure:5551: result: no
configure:5581: checking how to associate runtime and link libraries
configure:5608: result: printf %s\n
configure:5669: checking for ar
configure:5685: found /usr/bin/ar
configure:5696: result: ar
configure:5733: checking for archiver @FILE support
configure:5750: gcc -c -g -O2  conftest.c >&5
configure:5750: $? = 0
configure:5753: ar cru libconftest.a @conftest.lst >&5
ar: @conftest.lst: No such file or directory
configure:5756: $? = 1
configure:5776: result: no
configure:5834: checking for strip
configure:5850: found /usr/bin/strip
configure:5861: result: strip
configure:5933: checking for ranlib
configure:5949: found /usr/bin/ranlib
configure:5960: result: ranlib
configure:6062: checking command to parse /usr/bin/nm -B output from gcc object
configure:6182: gcc -c -g -O2  conftest.c >&5
configure:6185: $? = 0
configure:6189: /usr/bin/nm -B conftest.o \| sed -n -e 's/^.*[ ]\([BCDEGRST][BCDEGRST]*\)[ ][ ]*\([_A-Za-z][_A-Za-z0-9]*\)$/\1 \2 \2/p' | sed '/ __gnu_lto/d' \> conftest.nm
configure:6192: $? = 0
cannot find nm_test_var in conftest.nm
configure:6182: gcc -c -g -O2  conftest.c >&5
configure:6185: $? = 0
configure:6189: /usr/bin/nm -B conftest.o \| sed -n -e 's/^.*[ ]\([BCDEGRST][BCDEGRST]*\)[ ][ ]*_\([_A-Za-z][_A-Za-z0-9]*\)$/\1 _\2 \2/p' | sed '/ __gnu_lto/d' \> conftest.nm
configure:6192: $? = 0
configure:6258: gcc -o conftest -g -O2   conftest.c conftstm.o >&5
warning: (x86_64)  could not find object file symbol for symbol _main
configure:6261: $? = 0
configure:6299: result: ok
configure:6336: checking for sysroot
configure:6366: result: no
configure:6622: checking for mt
configure:6652: result: no
configure:6672: checking if : is a manifest tool
configure:6678: : '-?'
configure:6686: result: no
configure:6742: checking for dsymutil
configure:6758: found /usr/bin/dsymutil
configure:6769: result: dsymutil
configure:6834: checking for nmedit
configure:6850: found /usr/bin/nmedit
configure:6861: result: nmedit
configure:6926: checking for lipo
configure:6942: found /usr/bin/lipo
configure:6953: result: lipo
configure:7018: checking for otool
configure:7034: found /usr/bin/otool
configure:7045: result: otool
configure:7110: checking for otool64
configure:7140: result: no
configure:7185: checking for -single_module linker flag
gcc -g -O2  -o libconftest.dylib -dynamiclib -Wl,-single_module conftest.c
configure:7218: result: yes
configure:7221: checking for -exported_symbols_list linker flag
configure:7241: gcc -o conftest -g -O2   -Wl,-exported_symbols_list,conftest.sym conftest.c  >&5
configure:7241: $? = 0
configure:7251: result: yes
configure:7254: checking for -force_load linker flag
gcc -g -O2 -c -o conftest.o conftest.c
ar cru libconftest.a conftest.o
ranlib libconftest.a
gcc -g -O2  -o conftest conftest.c -Wl,-force_load,./libconftest.a
configure:7286: result: yes
configure:7328: checking how to run the C preprocessor
configure:7359: gcc -E  conftest.c
configure:7359: $? = 0
configure:7373: gcc -E  conftest.c
conftest.c:11:10: fatal error: 'ac_nonexistent.h' file not found
#include <ac_nonexistent.h>
         ^
1 error generated.
configure:7373: $? = 1
configure: failed program was:
| /* confdefs.h */
| #define PACKAGE_NAME "meme"
| #define PACKAGE_TARNAME "meme"
| #define PACKAGE_VERSION "4.9.1"
| #define PACKAGE_STRING "meme 4.9.1"
| #define PACKAGE_BUGREPORT ""
| #define PACKAGE_URL ""
| #define PACKAGE "meme"
| #define VERSION "4.9.1"
| /* end confdefs.h.  */
| #include <ac_nonexistent.h>
configure:7398: result: gcc -E
configure:7418: gcc -E  conftest.c
configure:7418: $? = 0
configure:7432: gcc -E  conftest.c
conftest.c:11:10: fatal error: 'ac_nonexistent.h' file not found
#include <ac_nonexistent.h>
         ^
1 error generated.
configure:7432: $? = 1
configure: failed program was:
| /* confdefs.h */
| #define PACKAGE_NAME "meme"
| #define PACKAGE_TARNAME "meme"
| #define PACKAGE_VERSION "4.9.1"
| #define PACKAGE_STRING "meme 4.9.1"
| #define PACKAGE_BUGREPORT ""
| #define PACKAGE_URL ""
| #define PACKAGE "meme"
| #define VERSION "4.9.1"
| /* end confdefs.h.  */
| #include <ac_nonexistent.h>
configure:7461: checking for ANSI C header files
configure:7481: gcc -c -g -O2  conftest.c >&5
configure:7481: $? = 0
configure:7554: gcc -o conftest -g -O2   conftest.c  >&5
configure:7554: $? = 0
configure:7554: ./conftest
configure:7554: $? = 0
configure:7565: result: yes
configure:7578: checking for sys/types.h
configure:7578: gcc -c -g -O2  conftest.c >&5
configure:7578: $? = 0
configure:7578: result: yes
configure:7578: checking for sys/stat.h
configure:7578: gcc -c -g -O2  conftest.c >&5
configure:7578: $? = 0
configure:7578: result: yes
configure:7578: checking for stdlib.h
configure:7578: gcc -c -g -O2  conftest.c >&5
configure:7578: $? = 0
configure:7578: result: yes
configure:7578: checking for string.h
configure:7578: gcc -c -g -O2  conftest.c >&5
configure:7578: $? = 0
configure:7578: result: yes
configure:7578: checking for memory.h
configure:7578: gcc -c -g -O2  conftest.c >&5
configure:7578: $? = 0
configure:7578: result: yes
configure:7578: checking for strings.h
configure:7578: gcc -c -g -O2  conftest.c >&5
configure:7578: $? = 0
configure:7578: result: yes
configure:7578: checking for inttypes.h
configure:7578: gcc -c -g -O2  conftest.c >&5
configure:7578: $? = 0
configure:7578: result: yes
configure:7578: checking for stdint.h
configure:7578: gcc -c -g -O2  conftest.c >&5
configure:7578: $? = 0
configure:7578: result: yes
configure:7578: checking for unistd.h
configure:7578: gcc -c -g -O2  conftest.c >&5
configure:7578: $? = 0
configure:7578: result: yes
configure:7592: checking for dlfcn.h
configure:7592: gcc -c -g -O2  conftest.c >&5
configure:7592: $? = 0
configure:7592: result: yes
configure:7798: checking for objdir
configure:7813: result: .libs
configure:8080: checking if gcc supports -fno-rtti -fno-exceptions
configure:8098: gcc -c -g -O2  -fno-rtti -fno-exceptions conftest.c >&5
configure:8102: $? = 0
configure:8115: result: yes
configure:8442: checking for gcc option to produce PIC
configure:8449: result: -fno-common -DPIC
configure:8457: checking if gcc PIC flag -fno-common -DPIC works
configure:8475: gcc -c -g -O2  -fno-common -DPIC -DPIC conftest.c >&5
configure:8479: $? = 0
configure:8492: result: yes
configure:8521: checking if gcc static flag -static works
configure:8549: result: no
configure:8564: checking if gcc supports -c -o file.o
configure:8585: gcc -c -g -O2  -o out/conftest2.o conftest.c >&5
configure:8589: $? = 0
configure:8611: result: yes
configure:8619: checking if gcc supports -c -o file.o
configure:8666: result: yes
configure:8699: checking whether the gcc linker (/Applications/Xcode.app/Contents/Developer/Toolchains/XcodeDefault.xctoolchain/usr/bin/ld) supports shared libraries
configure:9856: result: yes
configure:10096: checking dynamic linker characteristics
configure:10841: result: darwin15.3.0 dyld
configure:10948: checking how to hardcode library paths into programs
configure:10973: result: immediate
configure:11513: checking whether stripping libraries is possible
configure:11527: result: yes
configure:11553: checking if libtool supports shared libraries
configure:11555: result: yes
configure:11558: checking whether to build shared libraries
configure:11579: result: yes
configure:11582: checking whether to build static libraries
configure:11586: result: yes
configure:11624: checking whether make sets $(MAKE)
configure:11646: result: yes
configure:11657: checking for ld
configure:11687: result: /Applications/Xcode.app/Contents/Developer/Toolchains/XcodeDefault.xctoolchain/usr/bin/ld
configure:11697: checking for sed
configure:11727: result: /usr/bin/sed
configure:11737: checking for mpicc
configure:11770: result: no
configure:11777: checking for mail
configure:11795: found /usr/bin/mail
configure:11807: result: /usr/bin/mail
configure:11817: checking for sendmail
configure:11836: found /usr/sbin/sendmail
configure:11849: result: /usr/sbin/sendmail
configure:11859: checking for perl
configure:11877: found /usr/bin/perl
configure:11889: result: /usr/bin/perl
configure:11899: checking for python
configure:11917: found /Users/luca/anaconda/bin/python
configure:11929: result: /Users/luca/anaconda/bin/python
configure:11939: checking for convert
configure:11972: result: no
configure:11979: checking for gs
configure:11997: found /usr/local/bin/gs
configure:12009: result: /usr/local/bin/gs
configure:12019: checking for xml2-config
configure:12037: found /Users/luca/anaconda/bin/xml2-config
configure:12049: result: /Users/luca/anaconda/bin/xml2-config
configure:12059: checking for xslt-config
configure:12077: found /Users/luca/anaconda/bin/xslt-config
configure:12089: result: /Users/luca/anaconda/bin/xslt-config
configure:12099: checking for ant
configure:12132: result: no
configure:12140: checking for elinks
configure:12168: result: no
configure:12177: WARNING: Developers only: elinks is required to build meme docs.
configure:12188: checking for isnan, sqrt, log, exp, fabs, pow, floor, ceil in -lm
configure:12213: gcc -o conftest -g -O2   conftest.c -lm   >&5
conftest.c:31:13: error: redefinition of 'sqrt' as different kind of symbol
char isnan, sqrt, log, exp, fabs, pow, floor, ceil ();
            ^
conftest.c:31:13: note: previous definition is here
conftest.c:31:19: error: redefinition of 'log' as different kind of symbol
char isnan, sqrt, log, exp, fabs, pow, floor, ceil ();
                  ^
conftest.c:31:19: note: previous definition is here
conftest.c:31:24: error: redefinition of 'exp' as different kind of symbol
char isnan, sqrt, log, exp, fabs, pow, floor, ceil ();
                       ^
conftest.c:31:24: note: previous definition is here
conftest.c:31:29: error: redefinition of 'fabs' as different kind of symbol
char isnan, sqrt, log, exp, fabs, pow, floor, ceil ();
                            ^
conftest.c:31:29: note: previous definition is here
conftest.c:31:35: error: redefinition of 'pow' as different kind of symbol
char isnan, sqrt, log, exp, fabs, pow, floor, ceil ();
                                  ^
conftest.c:31:35: note: previous definition is here
conftest.c:31:40: error: redefinition of 'floor' as different kind of symbol
char isnan, sqrt, log, exp, fabs, pow, floor, ceil ();
                                       ^
conftest.c:31:40: note: previous definition is here
conftest.c:31:47: warning: incompatible redeclaration of library function 'ceil' [-Wincompatible-library-redeclaration]
char isnan, sqrt, log, exp, fabs, pow, floor, ceil ();
                                              ^
conftest.c:31:47: note: 'ceil' is a builtin with type 'double (double)'
conftest.c:35:8: warning: expression result unused [-Wunused-value]
return isnan, sqrt, log, exp, fabs, pow, floor, ceil ();
       ^~~~~
conftest.c:35:15: warning: expression result unused [-Wunused-value]
return isnan, sqrt, log, exp, fabs, pow, floor, ceil ();
              ^~~~
conftest.c:35:21: warning: expression result unused [-Wunused-value]
return isnan, sqrt, log, exp, fabs, pow, floor, ceil ();
                    ^~~
conftest.c:35:26: warning: expression result unused [-Wunused-value]
return isnan, sqrt, log, exp, fabs, pow, floor, ceil ();
                         ^~~
conftest.c:35:31: warning: expression result unused [-Wunused-value]
return isnan, sqrt, log, exp, fabs, pow, floor, ceil ();
                              ^~~~
conftest.c:35:37: warning: expression result unused [-Wunused-value]
return isnan, sqrt, log, exp, fabs, pow, floor, ceil ();
                                    ^~~
conftest.c:35:42: warning: expression result unused [-Wunused-value]
return isnan, sqrt, log, exp, fabs, pow, floor, ceil ();
                                         ^~~~~
8 warnings and 6 errors generated.
configure:12213: $? = 1
configure: failed program was:
| /* confdefs.h */
| #define PACKAGE_NAME "meme"
| #define PACKAGE_TARNAME "meme"
| #define PACKAGE_VERSION "4.9.1"
| #define PACKAGE_STRING "meme 4.9.1"
| #define PACKAGE_BUGREPORT ""
| #define PACKAGE_URL ""
| #define PACKAGE "meme"
| #define VERSION "4.9.1"
| #define STDC_HEADERS 1
| #define HAVE_SYS_TYPES_H 1
| #define HAVE_SYS_STAT_H 1
| #define HAVE_STDLIB_H 1
| #define HAVE_STRING_H 1
| #define HAVE_MEMORY_H 1
| #define HAVE_STRINGS_H 1
| #define HAVE_INTTYPES_H 1
| #define HAVE_STDINT_H 1
| #define HAVE_UNISTD_H 1
| #define HAVE_DLFCN_H 1
| #define LT_OBJDIR ".libs/"
| #define HOSTNAME "MacBook-Pro.local"
| /* end confdefs.h.  */
| 
| /* Override any GCC internal prototype to avoid an error.
|    Use char because int might match the return type of a GCC
|    builtin and then its argument prototype would still apply.  */
| #ifdef __cplusplus
| extern "C"
| #endif
| char isnan, sqrt, log, exp, fabs, pow, floor, ceil ();
| int
| main ()
| {
| return isnan, sqrt, log, exp, fabs, pow, floor, ceil ();
|   ;
|   return 0;
| }
configure:12222: result: no
configure:12232: WARNING: Math library not found
configure:12236: checking for xmlParseFile in -lxml2
configure:12261: gcc -o conftest -g -O2   conftest.c -lxml2   >&5
configure:12261: $? = 0
configure:12270: result: yes
configure:12284: checking for xsltParseStylesheetFile in -lxslt
configure:12309: gcc -o conftest -g -O2   conftest.c -lxslt  -lxml2  >&5
configure:12309: $? = 0
configure:12318: result: yes
configure:12332: checking for exsltRegisterAll in -lexslt
configure:12357: gcc -o conftest -g -O2   conftest.c -lexslt  -lxslt -lxml2  >&5
configure:12357: $? = 0
configure:12366: result: yes
configure:12380: checking for compress in -lz
configure:12405: gcc -o conftest -g -O2   conftest.c -lz  -lexslt -lxslt -lxml2  >&5
configure:12405: $? = 0
configure:12414: result: yes
configure:12430: checking for ANSI C header files
configure:12534: result: yes
configure:12542: checking for sys/wait.h that is POSIX.1 compatible
configure:12568: gcc -c -g -O2  conftest.c >&5
configure:12568: $? = 0
configure:12575: result: yes
configure:12586: checking arpa/inet.h usability
configure:12586: gcc -c -g -O2  conftest.c >&5
configure:12586: $? = 0
configure:12586: result: yes
configure:12586: checking arpa/inet.h presence
configure:12586: gcc -E  conftest.c
configure:12586: $? = 0
configure:12586: result: yes
configure:12586: checking for arpa/inet.h
configure:12586: result: yes
configure:12586: checking ctype.h usability
configure:12586: gcc -c -g -O2  conftest.c >&5
configure:12586: $? = 0
configure:12586: result: yes
configure:12586: checking ctype.h presence
configure:12586: gcc -E  conftest.c
configure:12586: $? = 0
configure:12586: result: yes
configure:12586: checking for ctype.h
configure:12586: result: yes
configure:12586: checking fcntl.h usability
configure:12586: gcc -c -g -O2  conftest.c >&5
configure:12586: $? = 0
configure:12586: result: yes
configure:12586: checking fcntl.h presence
configure:12586: gcc -E  conftest.c
configure:12586: $? = 0
configure:12586: result: yes
configure:12586: checking for fcntl.h
configure:12586: result: yes
configure:12586: checking limits.h usability
configure:12586: gcc -c -g -O2  conftest.c >&5
configure:12586: $? = 0
configure:12586: result: yes
configure:12586: checking limits.h presence
configure:12586: gcc -E  conftest.c
configure:12586: $? = 0
configure:12586: result: yes
configure:12586: checking for limits.h
configure:12586: result: yes
configure:12586: checking netdb.h usability
configure:12586: gcc -c -g -O2  conftest.c >&5
configure:12586: $? = 0
configure:12586: result: yes
configure:12586: checking netdb.h presence
configure:12586: gcc -E  conftest.c
configure:12586: $? = 0
configure:12586: result: yes
configure:12586: checking for netdb.h
configure:12586: result: yes
configure:12586: checking netinet/in.h usability
configure:12586: gcc -c -g -O2  conftest.c >&5
configure:12586: $? = 0
configure:12586: result: yes
configure:12586: checking netinet/in.h presence
configure:12586: gcc -E  conftest.c
configure:12586: $? = 0
configure:12586: result: yes
configure:12586: checking for netinet/in.h
configure:12586: result: yes
configure:12586: checking for stdlib.h
configure:12586: result: yes
configure:12586: checking for string.h
configure:12586: result: yes
configure:12586: checking for strings.h
configure:12586: result: yes
configure:12586: checking sys/socket.h usability
configure:12586: gcc -c -g -O2  conftest.c >&5
configure:12586: $? = 0
configure:12586: result: yes
configure:12586: checking sys/socket.h presence
configure:12586: gcc -E  conftest.c
configure:12586: $? = 0
configure:12586: result: yes
configure:12586: checking for sys/socket.h
configure:12586: result: yes
configure:12586: checking sys/time.h usability
configure:12586: gcc -c -g -O2  conftest.c >&5
configure:12586: $? = 0
configure:12586: result: yes
configure:12586: checking sys/time.h presence
configure:12586: gcc -E  conftest.c
configure:12586: $? = 0
configure:12586: result: yes
configure:12586: checking for sys/time.h
configure:12586: result: yes
configure:12586: checking for unistd.h
configure:12586: result: yes
configure:12598: checking for an ANSI C-conforming const
configure:12663: gcc -c -g -O2  conftest.c >&5
configure:12663: $? = 0
configure:12670: result: yes
configure:12678: checking for stdbool.h that conforms to C99
configure:12745: gcc -c -g -O2  conftest.c >&5
conftest.c:91:12: warning: address of 's' will always evaluate to 'true' [-Wpointer-bool-conversion]
        bool e = &s;
             ~    ^
conftest.c:95:11: warning: address of array 'a' will always evaluate to 'true' [-Wpointer-bool-conversion]
        return (!a + !b + !c + !d + !e + !f + !g + !h + !i + !!j + !k + !!l
                ~^
conftest.c:95:16: warning: address of array 'b' will always evaluate to 'true' [-Wpointer-bool-conversion]
        return (!a + !b + !c + !d + !e + !f + !g + !h + !i + !!j + !k + !!l
                     ~^
conftest.c:95:21: warning: address of array 'c' will always evaluate to 'true' [-Wpointer-bool-conversion]
        return (!a + !b + !c + !d + !e + !f + !g + !h + !i + !!j + !k + !!l
                          ~^
conftest.c:95:26: warning: address of array 'd' will always evaluate to 'true' [-Wpointer-bool-conversion]
        return (!a + !b + !c + !d + !e + !f + !g + !h + !i + !!j + !k + !!l
                               ~^
conftest.c:95:36: warning: address of array 'f' will always evaluate to 'true' [-Wpointer-bool-conversion]
        return (!a + !b + !c + !d + !e + !f + !g + !h + !i + !!j + !k + !!l
                                         ~^
conftest.c:95:41: warning: address of array 'g' will always evaluate to 'true' [-Wpointer-bool-conversion]
        return (!a + !b + !c + !d + !e + !f + !g + !h + !i + !!j + !k + !!l
                                              ~^
conftest.c:95:46: warning: address of array 'h' will always evaluate to 'true' [-Wpointer-bool-conversion]
        return (!a + !b + !c + !d + !e + !f + !g + !h + !i + !!j + !k + !!l
                                                   ~^
conftest.c:95:51: warning: address of array 'i' will always evaluate to 'true' [-Wpointer-bool-conversion]
        return (!a + !b + !c + !d + !e + !f + !g + !h + !i + !!j + !k + !!l
                                                        ~^
conftest.c:96:11: warning: address of array 'n' will always evaluate to 'true' [-Wpointer-bool-conversion]
                       ~^
conftest.c:96:16: warning: address of array 'o' will always evaluate to 'true' [-Wpointer-bool-conversion]
                            ~^
conftest.c:96:21: warning: address of array 'p' will always evaluate to 'true' [-Wpointer-bool-conversion]
                                 ~^
12 warnings generated.
configure:12745: $? = 0
configure:12752: result: yes
configure:12754: checking for _Bool
configure:12754: gcc -c -g -O2  conftest.c >&5
configure:12754: $? = 0
configure:12754: gcc -c -g -O2  conftest.c >&5
conftest.c:78:20: error: expected expression
if (sizeof ((_Bool)))
                   ^
1 error generated.
configure:12754: $? = 1
configure: failed program was:
| /* confdefs.h */
| #define PACKAGE_NAME "meme"
| #define PACKAGE_TARNAME "meme"
| #define PACKAGE_VERSION "4.9.1"
| #define PACKAGE_STRING "meme 4.9.1"
| #define PACKAGE_BUGREPORT ""
| #define PACKAGE_URL ""
| #define PACKAGE "meme"
| #define VERSION "4.9.1"
| #define STDC_HEADERS 1
| #define HAVE_SYS_TYPES_H 1
| #define HAVE_SYS_STAT_H 1
| #define HAVE_STDLIB_H 1
| #define HAVE_STRING_H 1
| #define HAVE_MEMORY_H 1
| #define HAVE_STRINGS_H 1
| #define HAVE_INTTYPES_H 1
| #define HAVE_STDINT_H 1
| #define HAVE_UNISTD_H 1
| #define HAVE_DLFCN_H 1
| #define LT_OBJDIR ".libs/"
| #define HOSTNAME "MacBook-Pro.local"
| #define HAVE_LIBXML2 1
| #define HAVE_LIBXSLT 1
| #define HAVE_LIBEXSLT 1
| #define HAVE_LIBZ 1
| #define STDC_HEADERS 1
| #define HAVE_SYS_WAIT_H 1
| #define HAVE_ARPA_INET_H 1
| #define HAVE_CTYPE_H 1
| #define HAVE_FCNTL_H 1
| #define HAVE_LIMITS_H 1
| #define HAVE_NETDB_H 1
| #define HAVE_NETINET_IN_H 1
| #define HAVE_STDLIB_H 1
| #define HAVE_STRING_H 1
| #define HAVE_STRINGS_H 1
| #define HAVE_SYS_SOCKET_H 1
| #define HAVE_SYS_TIME_H 1
| #define HAVE_UNISTD_H 1
| /* end confdefs.h.  */
| #include <stdio.h>
| #ifdef HAVE_SYS_TYPES_H
| # include <sys/types.h>
| #endif
| #ifdef HAVE_SYS_STAT_H
| # include <sys/stat.h>
| #endif
| #ifdef STDC_HEADERS
| # include <stdlib.h>
| # include <stddef.h>
| #else
| # ifdef HAVE_STDLIB_H
| #  include <stdlib.h>
| # endif
| #endif
| #ifdef HAVE_STRING_H
| # if !defined STDC_HEADERS && defined HAVE_MEMORY_H
| #  include <memory.h>
| # endif
| # include <string.h>
| #endif
| #ifdef HAVE_STRINGS_H
| # include <strings.h>
| #endif
| #ifdef HAVE_INTTYPES_H
| # include <inttypes.h>
| #endif
| #ifdef HAVE_STDINT_H
| # include <stdint.h>
| #endif
| #ifdef HAVE_UNISTD_H
| # include <unistd.h>
| #endif
| int
| main ()
| {
| if (sizeof ((_Bool)))
| 	    return 0;
|   ;
|   return 0;
| }
configure:12754: result: yes
configure:12770: checking for pid_t
configure:12770: gcc -c -g -O2  conftest.c >&5
configure:12770: $? = 0
configure:12770: gcc -c -g -O2  conftest.c >&5
conftest.c:80:20: error: expected expression
if (sizeof ((pid_t)))
                   ^
1 error generated.
configure:12770: $? = 1
configure: failed program was:
| /* confdefs.h */
| #define PACKAGE_NAME "meme"
| #define PACKAGE_TARNAME "meme"
| #define PACKAGE_VERSION "4.9.1"
| #define PACKAGE_STRING "meme 4.9.1"
| #define PACKAGE_BUGREPORT ""
| #define PACKAGE_URL ""
| #define PACKAGE "meme"
| #define VERSION "4.9.1"
| #define STDC_HEADERS 1
| #define HAVE_SYS_TYPES_H 1
| #define HAVE_SYS_STAT_H 1
| #define HAVE_STDLIB_H 1
| #define HAVE_STRING_H 1
| #define HAVE_MEMORY_H 1
| #define HAVE_STRINGS_H 1
| #define HAVE_INTTYPES_H 1
| #define HAVE_STDINT_H 1
| #define HAVE_UNISTD_H 1
| #define HAVE_DLFCN_H 1
| #define LT_OBJDIR ".libs/"
| #define HOSTNAME "MacBook-Pro.local"
| #define HAVE_LIBXML2 1
| #define HAVE_LIBXSLT 1
| #define HAVE_LIBEXSLT 1
| #define HAVE_LIBZ 1
| #define STDC_HEADERS 1
| #define HAVE_SYS_WAIT_H 1
| #define HAVE_ARPA_INET_H 1
| #define HAVE_CTYPE_H 1
| #define HAVE_FCNTL_H 1
| #define HAVE_LIMITS_H 1
| #define HAVE_NETDB_H 1
| #define HAVE_NETINET_IN_H 1
| #define HAVE_STDLIB_H 1
| #define HAVE_STRING_H 1
| #define HAVE_STRINGS_H 1
| #define HAVE_SYS_SOCKET_H 1
| #define HAVE_SYS_TIME_H 1
| #define HAVE_UNISTD_H 1
| #define HAVE__BOOL 1
| #define HAVE_STDBOOL_H 1
| /* end confdefs.h.  */
| #include <stdio.h>
| #ifdef HAVE_SYS_TYPES_H
| # include <sys/types.h>
| #endif
| #ifdef HAVE_SYS_STAT_H
| # include <sys/stat.h>
| #endif
| #ifdef STDC_HEADERS
| # include <stdlib.h>
| # include <stddef.h>
| #else
| # ifdef HAVE_STDLIB_H
| #  include <stdlib.h>
| # endif
| #endif
| #ifdef HAVE_STRING_H
| # if !defined STDC_HEADERS && defined HAVE_MEMORY_H
| #  include <memory.h>
| # endif
| # include <string.h>
| #endif
| #ifdef HAVE_STRINGS_H
| # include <strings.h>
| #endif
| #ifdef HAVE_INTTYPES_H
| # include <inttypes.h>
| #endif
| #ifdef HAVE_STDINT_H
| # include <stdint.h>
| #endif
| #ifdef HAVE_UNISTD_H
| # include <unistd.h>
| #endif
| int
| main ()
| {
| if (sizeof ((pid_t)))
| 	    return 0;
|   ;
|   return 0;
| }
configure:12770: result: yes
configure:12781: checking for size_t
configure:12781: gcc -c -g -O2  conftest.c >&5
configure:12781: $? = 0
configure:12781: gcc -c -g -O2  conftest.c >&5
conftest.c:80:21: error: expected expression
if (sizeof ((size_t)))
                    ^
1 error generated.
configure:12781: $? = 1
configure: failed program was:
| /* confdefs.h */
| #define PACKAGE_NAME "meme"
| #define PACKAGE_TARNAME "meme"
| #define PACKAGE_VERSION "4.9.1"
| #define PACKAGE_STRING "meme 4.9.1"
| #define PACKAGE_BUGREPORT ""
| #define PACKAGE_URL ""
| #define PACKAGE "meme"
| #define VERSION "4.9.1"
| #define STDC_HEADERS 1
| #define HAVE_SYS_TYPES_H 1
| #define HAVE_SYS_STAT_H 1
| #define HAVE_STDLIB_H 1
| #define HAVE_STRING_H 1
| #define HAVE_MEMORY_H 1
| #define HAVE_STRINGS_H 1
| #define HAVE_INTTYPES_H 1
| #define HAVE_STDINT_H 1
| #define HAVE_UNISTD_H 1
| #define HAVE_DLFCN_H 1
| #define LT_OBJDIR ".libs/"
| #define HOSTNAME "MacBook-Pro.local"
| #define HAVE_LIBXML2 1
| #define HAVE_LIBXSLT 1
| #define HAVE_LIBEXSLT 1
| #define HAVE_LIBZ 1
| #define STDC_HEADERS 1
| #define HAVE_SYS_WAIT_H 1
| #define HAVE_ARPA_INET_H 1
| #define HAVE_CTYPE_H 1
| #define HAVE_FCNTL_H 1
| #define HAVE_LIMITS_H 1
| #define HAVE_NETDB_H 1
| #define HAVE_NETINET_IN_H 1
| #define HAVE_STDLIB_H 1
| #define HAVE_STRING_H 1
| #define HAVE_STRINGS_H 1
| #define HAVE_SYS_SOCKET_H 1
| #define HAVE_SYS_TIME_H 1
| #define HAVE_UNISTD_H 1
| #define HAVE__BOOL 1
| #define HAVE_STDBOOL_H 1
| /* end confdefs.h.  */
| #include <stdio.h>
| #ifdef HAVE_SYS_TYPES_H
| # include <sys/types.h>
| #endif
| #ifdef HAVE_SYS_STAT_H
| # include <sys/stat.h>
| #endif
| #ifdef STDC_HEADERS
| # include <stdlib.h>
| # include <stddef.h>
| #else
| # ifdef HAVE_STDLIB_H
| #  include <stdlib.h>
| # endif
| #endif
| #ifdef HAVE_STRING_H
| # if !defined STDC_HEADERS && defined HAVE_MEMORY_H
| #  include <memory.h>
| # endif
| # include <string.h>
| #endif
| #ifdef HAVE_STRINGS_H
| # include <strings.h>
| #endif
| #ifdef HAVE_INTTYPES_H
| # include <inttypes.h>
| #endif
| #ifdef HAVE_STDINT_H
| # include <stdint.h>
| #endif
| #ifdef HAVE_UNISTD_H
| # include <unistd.h>
| #endif
| int
| main ()
| {
| if (sizeof ((size_t)))
| 	    return 0;
|   ;
|   return 0;
| }
configure:12781: result: yes
configure:12796: checking vfork.h usability
configure:12796: gcc -c -g -O2  conftest.c >&5
conftest.c:77:10: fatal error: 'vfork.h' file not found
#include <vfork.h>
         ^
1 error generated.
configure:12796: $? = 1
configure: failed program was:
| /* confdefs.h */
| #define PACKAGE_NAME "meme"
| #define PACKAGE_TARNAME "meme"
| #define PACKAGE_VERSION "4.9.1"
| #define PACKAGE_STRING "meme 4.9.1"
| #define PACKAGE_BUGREPORT ""
| #define PACKAGE_URL ""
| #define PACKAGE "meme"
| #define VERSION "4.9.1"
| #define STDC_HEADERS 1
| #define HAVE_SYS_TYPES_H 1
| #define HAVE_SYS_STAT_H 1
| #define HAVE_STDLIB_H 1
| #define HAVE_STRING_H 1
| #define HAVE_MEMORY_H 1
| #define HAVE_STRINGS_H 1
| #define HAVE_INTTYPES_H 1
| #define HAVE_STDINT_H 1
| #define HAVE_UNISTD_H 1
| #define HAVE_DLFCN_H 1
| #define LT_OBJDIR ".libs/"
| #define HOSTNAME "MacBook-Pro.local"
| #define HAVE_LIBXML2 1
| #define HAVE_LIBXSLT 1
| #define HAVE_LIBEXSLT 1
| #define HAVE_LIBZ 1
| #define STDC_HEADERS 1
| #define HAVE_SYS_WAIT_H 1
| #define HAVE_ARPA_INET_H 1
| #define HAVE_CTYPE_H 1
| #define HAVE_FCNTL_H 1
| #define HAVE_LIMITS_H 1
| #define HAVE_NETDB_H 1
| #define HAVE_NETINET_IN_H 1
| #define HAVE_STDLIB_H 1
| #define HAVE_STRING_H 1
| #define HAVE_STRINGS_H 1
| #define HAVE_SYS_SOCKET_H 1
| #define HAVE_SYS_TIME_H 1
| #define HAVE_UNISTD_H 1
| #define HAVE__BOOL 1
| #define HAVE_STDBOOL_H 1
| /* end confdefs.h.  */
| #include <stdio.h>
| #ifdef HAVE_SYS_TYPES_H
| # include <sys/types.h>
| #endif
| #ifdef HAVE_SYS_STAT_H
| # include <sys/stat.h>
| #endif
| #ifdef STDC_HEADERS
| # include <stdlib.h>
| # include <stddef.h>
| #else
| # ifdef HAVE_STDLIB_H
| #  include <stdlib.h>
| # endif
| #endif
| #ifdef HAVE_STRING_H
| # if !defined STDC_HEADERS && defined HAVE_MEMORY_H
| #  include <memory.h>
| # endif
| # include <string.h>
| #endif
| #ifdef HAVE_STRINGS_H
| # include <strings.h>
| #endif
| #ifdef HAVE_INTTYPES_H
| # include <inttypes.h>
| #endif
| #ifdef HAVE_STDINT_H
| # include <stdint.h>
| #endif
| #ifdef HAVE_UNISTD_H
| # include <unistd.h>
| #endif
| #include <vfork.h>
configure:12796: result: no
configure:12796: checking vfork.h presence
configure:12796: gcc -E  conftest.c
conftest.c:44:10: fatal error: 'vfork.h' file not found
#include <vfork.h>
         ^
1 error generated.
configure:12796: $? = 1
configure: failed program was:
| /* confdefs.h */
| #define PACKAGE_NAME "meme"
| #define PACKAGE_TARNAME "meme"
| #define PACKAGE_VERSION "4.9.1"
| #define PACKAGE_STRING "meme 4.9.1"
| #define PACKAGE_BUGREPORT ""
| #define PACKAGE_URL ""
| #define PACKAGE "meme"
| #define VERSION "4.9.1"
| #define STDC_HEADERS 1
| #define HAVE_SYS_TYPES_H 1
| #define HAVE_SYS_STAT_H 1
| #define HAVE_STDLIB_H 1
| #define HAVE_STRING_H 1
| #define HAVE_MEMORY_H 1
| #define HAVE_STRINGS_H 1
| #define HAVE_INTTYPES_H 1
| #define HAVE_STDINT_H 1
| #define HAVE_UNISTD_H 1
| #define HAVE_DLFCN_H 1
| #define LT_OBJDIR ".libs/"
| #define HOSTNAME "MacBook-Pro.local"
| #define HAVE_LIBXML2 1
| #define HAVE_LIBXSLT 1
| #define HAVE_LIBEXSLT 1
| #define HAVE_LIBZ 1
| #define STDC_HEADERS 1
| #define HAVE_SYS_WAIT_H 1
| #define HAVE_ARPA_INET_H 1
| #define HAVE_CTYPE_H 1
| #define HAVE_FCNTL_H 1
| #define HAVE_LIMITS_H 1
| #define HAVE_NETDB_H 1
| #define HAVE_NETINET_IN_H 1
| #define HAVE_STDLIB_H 1
| #define HAVE_STRING_H 1
| #define HAVE_STRINGS_H 1
| #define HAVE_SYS_SOCKET_H 1
| #define HAVE_SYS_TIME_H 1
| #define HAVE_UNISTD_H 1
| #define HAVE__BOOL 1
| #define HAVE_STDBOOL_H 1
| /* end confdefs.h.  */
| #include <vfork.h>
configure:12796: result: no
configure:12796: checking for vfork.h
configure:12796: result: no
configure:12809: checking for fork
configure:12809: gcc -o conftest -g -O2   conftest.c -lz -lexslt -lxslt -lxml2  >&5
configure:12809: $? = 0
configure:12809: result: yes
configure:12809: checking for vfork
configure:12809: gcc -o conftest -g -O2   conftest.c -lz -lexslt -lxslt -lxml2  >&5
conftest.c:68:6: warning: incompatible redeclaration of library function 'vfork' [-Wincompatible-library-redeclaration]
char vfork ();
     ^
conftest.c:68:6: note: 'vfork' is a builtin with type 'int (void)'
1 warning generated.
configure:12809: $? = 0
configure:12809: result: yes
configure:12819: checking for working fork
configure:12841: gcc -o conftest -g -O2   conftest.c -lz -lexslt -lxslt -lxml2  >&5
configure:12841: $? = 0
configure:12841: ./conftest
configure:12841: $? = 0
configure:12851: result: yes
configure:12872: checking for working vfork
configure:12982: result: yes
configure:13009: checking for stdlib.h
configure:13009: result: yes
configure:13019: checking for GNU libc compatible malloc
configure:13043: gcc -o conftest -g -O2   conftest.c -lz -lexslt -lxslt -lxml2  >&5
configure:13043: $? = 0
configure:13043: ./conftest
configure:13043: $? = 0
configure:13053: result: yes
configure:13076: checking for stdlib.h
configure:13076: result: yes
configure:13086: checking for GNU libc compatible realloc
configure:13110: gcc -o conftest -g -O2   conftest.c -lz -lexslt -lxslt -lxml2  >&5
configure:13110: $? = 0
configure:13110: ./conftest
configure:13110: $? = 0
configure:13120: result: yes
configure:13141: checking return type of signal handlers
configure:13159: gcc -c -g -O2  conftest.c >&5
conftest.c:58:8: error: indirection requires pointer operand ('void' invalid)
return *(signal (0, 0)) (0) == 1;
       ^~~~~~~~~~~~~~~~~~~~
1 error generated.
configure:13159: $? = 1
configure: failed program was:
| /* confdefs.h */
| #define PACKAGE_NAME "meme"
| #define PACKAGE_TARNAME "meme"
| #define PACKAGE_VERSION "4.9.1"
| #define PACKAGE_STRING "meme 4.9.1"
| #define PACKAGE_BUGREPORT ""
| #define PACKAGE_URL ""
| #define PACKAGE "meme"
| #define VERSION "4.9.1"
| #define STDC_HEADERS 1
| #define HAVE_SYS_TYPES_H 1
| #define HAVE_SYS_STAT_H 1
| #define HAVE_STDLIB_H 1
| #define HAVE_STRING_H 1
| #define HAVE_MEMORY_H 1
| #define HAVE_STRINGS_H 1
| #define HAVE_INTTYPES_H 1
| #define HAVE_STDINT_H 1
| #define HAVE_UNISTD_H 1
| #define HAVE_DLFCN_H 1
| #define LT_OBJDIR ".libs/"
| #define HOSTNAME "MacBook-Pro.local"
| #define HAVE_LIBXML2 1
| #define HAVE_LIBXSLT 1
| #define HAVE_LIBEXSLT 1
| #define HAVE_LIBZ 1
| #define STDC_HEADERS 1
| #define HAVE_SYS_WAIT_H 1
| #define HAVE_ARPA_INET_H 1
| #define HAVE_CTYPE_H 1
| #define HAVE_FCNTL_H 1
| #define HAVE_LIMITS_H 1
| #define HAVE_NETDB_H 1
| #define HAVE_NETINET_IN_H 1
| #define HAVE_STDLIB_H 1
| #define HAVE_STRING_H 1
| #define HAVE_STRINGS_H 1
| #define HAVE_SYS_SOCKET_H 1
| #define HAVE_SYS_TIME_H 1
| #define HAVE_UNISTD_H 1
| #define HAVE__BOOL 1
| #define HAVE_STDBOOL_H 1
| #define HAVE_FORK 1
| #define HAVE_VFORK 1
| #define HAVE_WORKING_VFORK 1
| #define HAVE_WORKING_FORK 1
| #define HAVE_STDLIB_H 1
| #define HAVE_MALLOC 1
| #define HAVE_STDLIB_H 1
| #define HAVE_REALLOC 1
| /* end confdefs.h.  */
| #include <sys/types.h>
| #include <signal.h>
| 
| int
| main ()
| {
| return *(signal (0, 0)) (0) == 1;
|   ;
|   return 0;
| }
configure:13166: result: void
configure:13174: checking whether lstat correctly handles trailing slash
configure:13200: gcc -o conftest -g -O2   conftest.c -lz -lexslt -lxslt -lxml2  >&5
configure:13200: $? = 0
configure:13200: ./conftest
configure:13200: $? = 1
configure: program exited with status 1
configure: failed program was:
| /* confdefs.h */
| #define PACKAGE_NAME "meme"
| #define PACKAGE_TARNAME "meme"
| #define PACKAGE_VERSION "4.9.1"
| #define PACKAGE_STRING "meme 4.9.1"
| #define PACKAGE_BUGREPORT ""
| #define PACKAGE_URL ""
| #define PACKAGE "meme"
| #define VERSION "4.9.1"
| #define STDC_HEADERS 1
| #define HAVE_SYS_TYPES_H 1
| #define HAVE_SYS_STAT_H 1
| #define HAVE_STDLIB_H 1
| #define HAVE_STRING_H 1
| #define HAVE_MEMORY_H 1
| #define HAVE_STRINGS_H 1
| #define HAVE_INTTYPES_H 1
| #define HAVE_STDINT_H 1
| #define HAVE_UNISTD_H 1
| #define HAVE_DLFCN_H 1
| #define LT_OBJDIR ".libs/"
| #define HOSTNAME "MacBook-Pro.local"
| #define HAVE_LIBXML2 1
| #define HAVE_LIBXSLT 1
| #define HAVE_LIBEXSLT 1
| #define HAVE_LIBZ 1
| #define STDC_HEADERS 1
| #define HAVE_SYS_WAIT_H 1
| #define HAVE_ARPA_INET_H 1
| #define HAVE_CTYPE_H 1
| #define HAVE_FCNTL_H 1
| #define HAVE_LIMITS_H 1
| #define HAVE_NETDB_H 1
| #define HAVE_NETINET_IN_H 1
| #define HAVE_STDLIB_H 1
| #define HAVE_STRING_H 1
| #define HAVE_STRINGS_H 1
| #define HAVE_SYS_SOCKET_H 1
| #define HAVE_SYS_TIME_H 1
| #define HAVE_UNISTD_H 1
| #define HAVE__BOOL 1
| #define HAVE_STDBOOL_H 1
| #define HAVE_FORK 1
| #define HAVE_VFORK 1
| #define HAVE_WORKING_VFORK 1
| #define HAVE_WORKING_FORK 1
| #define HAVE_STDLIB_H 1
| #define HAVE_MALLOC 1
| #define HAVE_STDLIB_H 1
| #define HAVE_REALLOC 1
| #define RETSIGTYPE void
| /* end confdefs.h.  */
| #include <stdio.h>
| #ifdef HAVE_SYS_TYPES_H
| # include <sys/types.h>
| #endif
| #ifdef HAVE_SYS_STAT_H
| # include <sys/stat.h>
| #endif
| #ifdef STDC_HEADERS
| # include <stdlib.h>
| # include <stddef.h>
| #else
| # ifdef HAVE_STDLIB_H
| #  include <stdlib.h>
| # endif
| #endif
| #ifdef HAVE_STRING_H
| # if !defined STDC_HEADERS && defined HAVE_MEMORY_H
| #  include <memory.h>
| # endif
| # include <string.h>
| #endif
| #ifdef HAVE_STRINGS_H
| # include <strings.h>
| #endif
| #ifdef HAVE_INTTYPES_H
| # include <inttypes.h>
| #endif
| #ifdef HAVE_STDINT_H
| # include <stdint.h>
| #endif
| #ifdef HAVE_UNISTD_H
| # include <unistd.h>
| #endif
| int
| main ()
| {
| struct stat sbuf;
|      /* Linux will dereference the symlink and fail, as required by POSIX.
| 	That is better in the sense that it means we will not
| 	have to compile and use the lstat wrapper.  */
|      return lstat ("conftest.sym/", &sbuf) == 0;
|   ;
|   return 0;
| }
configure:13217: result: no
configure:13236: checking whether stat accepts an empty string
configure:13256: gcc -o conftest -g -O2   conftest.c -lz -lexslt -lxslt -lxml2  >&5
configure:13256: $? = 0
configure:13256: ./conftest
configure:13256: $? = 0
configure:13266: result: no
configure:13285: checking for floor
configure:13285: gcc -o conftest -g -O2   conftest.c -lz -lexslt -lxslt -lxml2  >&5
conftest.c:76:6: warning: incompatible redeclaration of library function 'floor' [-Wincompatible-library-redeclaration]
char floor ();
     ^
conftest.c:76:6: note: 'floor' is a builtin with type 'double (double)'
1 warning generated.
configure:13285: $? = 0
configure:13285: result: yes
configure:13285: checking for getcwd
configure:13285: gcc -o conftest -g -O2   conftest.c -lz -lexslt -lxslt -lxml2  >&5
configure:13285: $? = 0
configure:13285: result: yes
configure:13285: checking for gethostbyname
configure:13285: gcc -o conftest -g -O2   conftest.c -lz -lexslt -lxslt -lxml2  >&5
configure:13285: $? = 0
configure:13285: result: yes
configure:13285: checking for isascii
configure:13285: gcc -o conftest -g -O2   conftest.c -lz -lexslt -lxslt -lxml2  >&5
configure:13285: $? = 0
configure:13285: result: yes
configure:13285: checking for memset
configure:13285: gcc -o conftest -g -O2   conftest.c -lz -lexslt -lxslt -lxml2  >&5
conftest.c:80:6: warning: incompatible redeclaration of library function 'memset' [-Wincompatible-library-redeclaration]
char memset ();
     ^
conftest.c:80:6: note: 'memset' is a builtin with type 'void *(void *, int, unsigned long)'
1 warning generated.
configure:13285: $? = 0
configure:13285: result: yes
configure:13285: checking for pow
configure:13285: gcc -o conftest -g -O2   conftest.c -lz -lexslt -lxslt -lxml2  >&5
conftest.c:81:6: warning: incompatible redeclaration of library function 'pow' [-Wincompatible-library-redeclaration]
char pow ();
     ^
conftest.c:81:6: note: 'pow' is a builtin with type 'double (double, double)'
1 warning generated.
configure:13285: $? = 0
configure:13285: result: yes
configure:13285: checking for rint
configure:13285: gcc -o conftest -g -O2   conftest.c -lz -lexslt -lxslt -lxml2  >&5
conftest.c:82:6: warning: incompatible redeclaration of library function 'rint' [-Wincompatible-library-redeclaration]
char rint ();
     ^
conftest.c:82:6: note: 'rint' is a builtin with type 'double (double)'
1 warning generated.
configure:13285: $? = 0
configure:13285: result: yes
configure:13285: checking for socket
configure:13285: gcc -o conftest -g -O2   conftest.c -lz -lexslt -lxslt -lxml2  >&5
configure:13285: $? = 0
configure:13285: result: yes
configure:13285: checking for sqrt
configure:13285: gcc -o conftest -g -O2   conftest.c -lz -lexslt -lxslt -lxml2  >&5
conftest.c:84:6: warning: incompatible redeclaration of library function 'sqrt' [-Wincompatible-library-redeclaration]
char sqrt ();
     ^
conftest.c:84:6: note: 'sqrt' is a builtin with type 'double (double)'
1 warning generated.
configure:13285: $? = 0
configure:13285: result: yes
configure:13285: checking for strchr
configure:13285: gcc -o conftest -g -O2   conftest.c -lz -lexslt -lxslt -lxml2  >&5
conftest.c:85:6: warning: incompatible redeclaration of library function 'strchr' [-Wincompatible-library-redeclaration]
char strchr ();
     ^
conftest.c:85:6: note: 'strchr' is a builtin with type 'char *(const char *, int)'
1 warning generated.
configure:13285: $? = 0
configure:13285: result: yes
configure:13285: checking for strcspn
configure:13285: gcc -o conftest -g -O2   conftest.c -lz -lexslt -lxslt -lxml2  >&5
conftest.c:86:6: warning: incompatible redeclaration of library function 'strcspn' [-Wincompatible-library-redeclaration]
char strcspn ();
     ^
conftest.c:86:6: note: 'strcspn' is a builtin with type 'unsigned long (const char *, const char *)'
1 warning generated.
configure:13285: $? = 0
configure:13285: result: yes
configure:13285: checking for strdup
configure:13285: gcc -o conftest -g -O2   conftest.c -lz -lexslt -lxslt -lxml2  >&5
conftest.c:87:6: warning: incompatible redeclaration of library function 'strdup' [-Wincompatible-library-redeclaration]
char strdup ();
     ^
conftest.c:87:6: note: 'strdup' is a builtin with type 'char *(const char *)'
1 warning generated.
configure:13285: $? = 0
configure:13285: result: yes
configure:13285: checking for strspn
configure:13285: gcc -o conftest -g -O2   conftest.c -lz -lexslt -lxslt -lxml2  >&5
conftest.c:88:6: warning: incompatible redeclaration of library function 'strspn' [-Wincompatible-library-redeclaration]
char strspn ();
     ^
conftest.c:88:6: note: 'strspn' is a builtin with type 'unsigned long (const char *, const char *)'
1 warning generated.
configure:13285: $? = 0
configure:13285: result: yes
configure:13285: checking for strstr
configure:13285: gcc -o conftest -g -O2   conftest.c -lz -lexslt -lxslt -lxml2  >&5
conftest.c:89:6: warning: incompatible redeclaration of library function 'strstr' [-Wincompatible-library-redeclaration]
char strstr ();
     ^
conftest.c:89:6: note: 'strstr' is a builtin with type 'char *(const char *, const char *)'
1 warning generated.
configure:13285: $? = 0
configure:13285: result: yes
configure:13296: checking for strlcpy
configure:13296: gcc -o conftest -g -O2   conftest.c -lz -lexslt -lxslt -lxml2  >&5
conftest.c:90:6: warning: incompatible redeclaration of library function 'strlcpy' [-Wincompatible-library-redeclaration]
char strlcpy ();
     ^
conftest.c:90:6: note: 'strlcpy' is a builtin with type 'unsigned long (char *, const char *, unsigned long)'
1 warning generated.
configure:13296: $? = 0
configure:13296: result: yes
configure:13896: checking for perl
configure:13926: result: /usr/bin/perl
configure:13950: checking for python
configure:13980: result: /Users/luca/anaconda/bin/python
configure:14004: checking for convert
configure:14037: result: no
configure:14059: checking for gs
configure:14089: result: /usr/local/bin/gs
configure:14330: creating ./config.status

## ---------------------- ##
## Running config.status. ##
## ---------------------- ##

This file was extended by meme config.status 4.9.1, which was
generated by GNU Autoconf 2.68.  Invocation command line was

  CONFIG_FILES    = 
  CONFIG_HEADERS  = 
  CONFIG_LINKS    = 
  CONFIG_COMMANDS = 
  $ ./config.status 

on MacBook-Pro.local

config.status:1240: creating Makefile
config.status:1240: creating doc/Makefile
config.status:1240: creating doc/examples/Makefile
config.status:1240: creating doc/examples/compute_prior_dist_example_output_files/Makefile
config.status:1240: creating doc/examples/sample_opal_scripts/Makefile
config.status:1240: creating doc/images/Makefile
config.status:1240: creating etc/Makefile
config.status:1240: creating src/filters/Makefile
config.status:1240: creating src/filters/purge/Makefile
config.status:1240: creating src/filters/dust/Makefile
config.status:1240: creating scripts/Makefile
config.status:1240: creating src/Makefile
config.status:1240: creating src/libxml2/Makefile
config.status:1240: creating src/libxml2/include/Makefile
config.status:1240: creating src/libxml2/include/libxml/Makefile
config.status:1240: creating src/libxslt/Makefile
config.status:1240: creating src/libexslt/Makefile
config.status:1240: creating src/parallel/Makefile
config.status:1240: creating src/wiggle/Makefile
config.status:1240: creating tests/Makefile
config.status:1240: creating tests/ame/Makefile
config.status:1240: creating tests/centrimo/Makefile
config.status:1240: creating tests/clustalw2fasta/Makefile
config.status:1240: creating tests/common/Makefile
config.status:1240: creating tests/create-priors/Makefile
config.status:1240: creating tests/draw-mhmm/Makefile
config.status:1240: creating tests/dreme/Makefile
config.status:1240: creating tests/fasta-center/Makefile
config.status:1240: creating tests/fimo/Makefile
config.status:1240: creating tests/gomo/Makefile
config.status:1240: creating tests/mast/Makefile
config.status:1240: creating tests/mcast/Makefile
config.status:1240: creating tests/meme/Makefile
config.status:1240: creating tests/mhmm/Makefile
config.status:1240: creating tests/mhmms/Makefile
config.status:1240: creating tests/mhmmscan/Makefile
config.status:1240: creating tests/motiph/Makefile
config.status:1240: creating tests/psp-gen/Makefile
config.status:1240: creating tests/qvalue/Makefile
config.status:1240: creating tests/scaffold/Makefile
config.status:1240: creating tests/spamo/Makefile
config.status:1240: creating tests/tomtom/Makefile
config.status:1240: creating tests/web/Makefile
config.status:1240: creating website/Makefile
config.status:1240: creating website/cgi-bin/Makefile
config.status:1240: creating website/html/Makefile
config.status:1240: creating website/scripts/Makefile
config.status:1240: creating website/images/Makefile
config.status:1240: creating config.h
config.status:1469: executing depfiles commands
config.status:1469: executing libtool commands
configure:16621: WARNING:     The 'convert' utility can''t be found.   
configure:16633: WARNING:     
Checking Required Perl Modules:
HTML::Template missing.
Math::CDF missing. Only required for fasta-enriched-center script (which is not called by the web scripts).

Checking Web and DB Modules:
Apache missing. Only required if running mod_perl.
MyInterfaces::RSATWebServices::RSATWSPortType missing. Only required for get_db_csv and update_db.
Avaliable from http://rsat.scmbb.ulb.ac.be/rsat/web_services/RSATWS.tar.gz .
SOAP::Lite missing.
SOAP::WSDL missing. Only required for get_db_csv.
WWW::Mechanize missing. Only required for website smoke tests.

Checking Optional Modules:
Log::Log4perl missing. Used for logging and debugging by developers.   

## ---------------- ##
## Cache variables. ##
## ---------------- ##

ac_cv_build=i686-apple-darwin15.3.0
ac_cv_c_compiler_gnu=yes
ac_cv_c_const=yes
ac_cv_env_CC_set=
ac_cv_env_CC_value=
ac_cv_env_CFLAGS_set=
ac_cv_env_CFLAGS_value=
ac_cv_env_CPPFLAGS_set=
ac_cv_env_CPPFLAGS_value=
ac_cv_env_CPP_set=
ac_cv_env_CPP_value=
ac_cv_env_LDFLAGS_set=
ac_cv_env_LDFLAGS_value=
ac_cv_env_LIBS_set=
ac_cv_env_LIBS_value=
ac_cv_env_build_alias_set=
ac_cv_env_build_alias_value=
ac_cv_env_host_alias_set=
ac_cv_env_host_alias_value=
ac_cv_env_target_alias_set=
ac_cv_env_target_alias_value=
ac_cv_func_floor=yes
ac_cv_func_fork=yes
ac_cv_func_fork_works=yes
ac_cv_func_getcwd=yes
ac_cv_func_gethostbyname=yes
ac_cv_func_isascii=yes
ac_cv_func_lstat_dereferences_slashed_symlink=no
ac_cv_func_malloc_0_nonnull=yes
ac_cv_func_memset=yes
ac_cv_func_pow=yes
ac_cv_func_realloc_0_nonnull=yes
ac_cv_func_rint=yes
ac_cv_func_socket=yes
ac_cv_func_sqrt=yes
ac_cv_func_stat_empty_string_bug=no
ac_cv_func_strchr=yes
ac_cv_func_strcspn=yes
ac_cv_func_strdup=yes
ac_cv_func_strlcpy=yes
ac_cv_func_strspn=yes
ac_cv_func_strstr=yes
ac_cv_func_vfork=yes
ac_cv_func_vfork_works=yes
ac_cv_header_arpa_inet_h=yes
ac_cv_header_ctype_h=yes
ac_cv_header_dlfcn_h=yes
ac_cv_header_fcntl_h=yes
ac_cv_header_inttypes_h=yes
ac_cv_header_limits_h=yes
ac_cv_header_memory_h=yes
ac_cv_header_netdb_h=yes
ac_cv_header_netinet_in_h=yes
ac_cv_header_stdbool_h=yes
ac_cv_header_stdc=yes
ac_cv_header_stdint_h=yes
ac_cv_header_stdlib_h=yes
ac_cv_header_string_h=yes
ac_cv_header_strings_h=yes
ac_cv_header_sys_socket_h=yes
ac_cv_header_sys_stat_h=yes
ac_cv_header_sys_time_h=yes
ac_cv_header_sys_types_h=yes
ac_cv_header_sys_wait_h=yes
ac_cv_header_unistd_h=yes
ac_cv_header_vfork_h=no
ac_cv_host=i686-apple-darwin15.3.0
ac_cv_lib_exslt_exsltRegisterAll=yes
ac_cv_lib_m_isnan__sqrt__log__exp__fabs__pow__floor__ceil=no
ac_cv_lib_xml2_xmlParseFile=yes
ac_cv_lib_xslt_xsltParseStylesheetFile=yes
ac_cv_lib_z_compress=yes
ac_cv_objext=o
ac_cv_path_EGREP='/usr/bin/grep -E'
ac_cv_path_FGREP='/usr/bin/grep -F'
ac_cv_path_GHOSTSCRIPT=/usr/local/bin/gs
ac_cv_path_GREP=/usr/bin/grep
ac_cv_path_LD=/Applications/Xcode.app/Contents/Developer/Toolchains/XcodeDefault.xctoolchain/usr/bin/ld
ac_cv_path_MAIL=/usr/bin/mail
ac_cv_path_PERL=/usr/bin/perl
ac_cv_path_PYTHON=/Users/luca/anaconda/bin/python
ac_cv_path_SED=/usr/bin/sed
ac_cv_path_SENDMAIL=/usr/sbin/sendmail
ac_cv_path_XML2_CONFIG=/Users/luca/anaconda/bin/xml2-config
ac_cv_path_XSLT_CONFIG=/Users/luca/anaconda/bin/xslt-config
ac_cv_path_install='/usr/bin/install -c'
ac_cv_prog_AWK=awk
ac_cv_prog_CPP='gcc -E'
ac_cv_prog_HAVE_ELINKS=no
ac_cv_prog_ac_ct_AR=ar
ac_cv_prog_ac_ct_CC=gcc
ac_cv_prog_ac_ct_DSYMUTIL=dsymutil
ac_cv_prog_ac_ct_LIPO=lipo
ac_cv_prog_ac_ct_NMEDIT=nmedit
ac_cv_prog_ac_ct_OTOOL=otool
ac_cv_prog_ac_ct_RANLIB=ranlib
ac_cv_prog_ac_ct_STRIP=strip
ac_cv_prog_cc_c89=
ac_cv_prog_cc_g=yes
ac_cv_prog_cc_gcc_c_o=yes
ac_cv_prog_make_make_set=yes
ac_cv_type__Bool=yes
ac_cv_type_pid_t=yes
ac_cv_type_signal=void
ac_cv_type_size_t=yes
am_cv_CC_dependencies_compiler_type=gcc3
am_cv_prog_tar_pax=gnutar
lt_cv_apple_cc_single_mod=yes
lt_cv_ar_at_file=no
lt_cv_deplibs_check_method=pass_all
lt_cv_file_magic_cmd='$MAGIC_CMD'
lt_cv_file_magic_test_file=
lt_cv_ld_exported_symbols_list=yes
lt_cv_ld_force_load=yes
lt_cv_ld_reload_flag=-r
lt_cv_nm_interface='BSD nm'
lt_cv_objdir=.libs
lt_cv_path_LD=/Applications/Xcode.app/Contents/Developer/Toolchains/XcodeDefault.xctoolchain/usr/bin/ld
lt_cv_path_NM='/usr/bin/nm -B'
lt_cv_path_mainfest_tool=no
lt_cv_prog_compiler_c_o=yes
lt_cv_prog_compiler_pic='-fno-common -DPIC'
lt_cv_prog_compiler_pic_works=yes
lt_cv_prog_compiler_rtti_exceptions=yes
lt_cv_prog_compiler_static_works=no
lt_cv_prog_gnu_ld=no
lt_cv_sharedlib_from_linklib_cmd='printf %s\n'
lt_cv_sys_global_symbol_pipe='sed -n -e '\''s/^.*[	 ]\([BCDEGRST][BCDEGRST]*\)[	 ][	 ]*_\([_A-Za-z][_A-Za-z0-9]*\)$/\1 _\2 \2/p'\'' | sed '\''/ __gnu_lto/d'\'''
lt_cv_sys_global_symbol_to_c_name_address='sed -n -e '\''s/^: \([^ ]*\)[ ]*$/  {\"\1\", (void *) 0},/p'\'' -e '\''s/^[BCDEGRST]* \([^ ]*\) \([^ ]*\)$/  {"\2", (void *) \&\2},/p'\'''
lt_cv_sys_global_symbol_to_c_name_address_lib_prefix='sed -n -e '\''s/^: \([^ ]*\)[ ]*$/  {\"\1\", (void *) 0},/p'\'' -e '\''s/^[BCDEGRST]* \([^ ]*\) \(lib[^ ]*\)$/  {"\2", (void *) \&\2},/p'\'' -e '\''s/^[BCDEGRST]* \([^ ]*\) \([^ ]*\)$/  {"lib\2", (void *) \&\2},/p'\'''
lt_cv_sys_global_symbol_to_cdecl='sed -n -e '\''s/^T .* \(.*\)$/extern int \1();/p'\'' -e '\''s/^[BCDEGRST]* .* \(.*\)$/extern char \1;/p'\'''
lt_cv_sys_max_cmd_len=196608
lt_cv_to_host_file_cmd=func_convert_file_noop
lt_cv_to_tool_file_cmd=func_convert_file_noop

## ----------------- ##
## Output variables. ##
## ----------------- ##

ACLOCAL='${SHELL} /Users/luca/Projects/Haystack/dependencies/meme_4.9.1/config/missing --run aclocal-1.11'
AMDEPBACKSLASH='\'
AMDEP_FALSE='#'
AMDEP_TRUE=''
AMTAR='$${TAR-tar}'
ANT=''
AR='ar'
AUTOCONF='${SHELL} /Users/luca/Projects/Haystack/dependencies/meme_4.9.1/config/missing --run autoconf'
AUTOHEADER='${SHELL} /Users/luca/Projects/Haystack/dependencies/meme_4.9.1/config/missing --run autoheader'
AUTOMAKE='${SHELL} /Users/luca/Projects/Haystack/dependencies/meme_4.9.1/config/missing --run automake-1.11'
AWK='awk'
BLOCKS_URL='http://blocks.fhcrc.org/blocks-bin/process_blocks.pl'
BUILD_LIBXML2_FALSE='#'
BUILD_LIBXML2_TRUE=''
BUILD_LIBXSLT_FALSE='#'
BUILD_LIBXSLT_TRUE=''
CC='gcc'
CCDEPMODE='depmode=gcc3'
CFLAGS='-Wall -Wno-unused -DUNIX -D__USE_FIXED_PROTOTYPES__   -O3'
CONTACT='@MacBook-Pro.local'
CONVERT=''
CPP='gcc -E'
CPPFLAGS=''
CYGPATH_W='echo'
DEBUG_FLAGS=''
DEFS='-DHAVE_CONFIG_H'
DEPDIR='.deps'
DLLTOOL='false'
DSYMUTIL='dsymutil'
DUMPBIN=''
ECHO_C='\c'
ECHO_N=''
ECHO_T=''
EGREP='/usr/bin/grep -E'
EXEEXT=''
FGREP='/usr/bin/grep -F'
GHOSTSCRIPT='/usr/local/bin/gs'
GOSERVER_URL='http://amigo.geneontology.org/cgi-bin/amigo/'
GREP='/usr/bin/grep'
HAVE_ELINKS='no'
HOSTNAME='MacBook-Pro.local'
INSTALL_DATA='${INSTALL} -m 644'
INSTALL_PROGRAM='${INSTALL}'
INSTALL_SCRIPT='${INSTALL}'
INSTALL_STRIP_PROGRAM='$(install_sh) -c -s'
LAMBIN=''
LD='/Applications/Xcode.app/Contents/Developer/Toolchains/XcodeDefault.xctoolchain/usr/bin/ld'
LDFLAGS=''
LIBEXSLT_CFLAGS='-I${top_srcdir}/src/libexslt'
LIBEXSLT_LIBS='${top_builddir}/src/libexslt/libexslt.la'
LIBOBJS=' ${LIBOBJDIR}lstat$U.o'
LIBS='-lz -lexslt -lxslt -lxml2 '
LIBTOOL='$(SHELL) $(top_builddir)/libtool'
LIBXML2_CFLAGS='-I${top_srcdir}/src/libxml2/include'
LIBXML2_LIBS='${top_builddir}/src/libxml2/libxml2.la'
LIBXSLT_CFLAGS='-I${top_srcdir}/src/'
LIBXSLT_LIBS='${top_builddir}/src/libxslt/libxslt.la'
LIPO='lipo'
LN_S='ln -s'
LTLIBOBJS=' ${LIBOBJDIR}lstat$U.lo'
MACHID='darwin'
MAIL='/usr/bin/mail'
MAKEINFO='${SHELL} /Users/luca/Projects/Haystack/dependencies/meme_4.9.1/config/missing --run makeinfo'
MANIFEST_TOOL=':'
MAST_PORT=''
MAXTIME='18000'
MEME_DB='${prefix}/db'
MEME_DIRECTORY='${prefix}'
MEME_LOGS='${prefix}/LOGS'
MEME_PORT=''
MEME_TEMP=''
METAMEME_EXTERNAL_FALSE=''
METAMEME_EXTERNAL_TRUE='#'
MKDIR_P='config/install-sh -c -d'
MPICC=''
MPIFLAGS='-DPARALLEL '
MPIINC=''
MPILIBDIR=''
MPITYPE=''
MPI_CMD=''
NM='/usr/bin/nm -B'
NMEDIT='nmedit'
OBJDUMP='false'
OBJEXT='o'
OPAL_URL='no'
OPAL_XML='no'
OPT_FLAGS='-O3'
OTOOL64=':'
OTOOL='otool'
PACKAGE='meme'
PACKAGE_BUGREPORT=''
PACKAGE_NAME='meme'
PACKAGE_STRING='meme 4.9.1'
PACKAGE_TARNAME='meme'
PACKAGE_URL=''
PACKAGE_VERSION='4.9.1'
PARALLEL_FALSE=''
PARALLEL_IS_LAM_FALSE=''
PARALLEL_IS_LAM_TRUE='#'
PARALLEL_TRUE='#'
PATH_SEPARATOR=':'
PERL='/usr/bin/perl'
PYTHON='/Users/luca/anaconda/bin/python'
RANLIB='ranlib'
SED='/usr/bin/sed'
SENDMAIL='/usr/sbin/sendmail'
SET_MAKE=''
SHELL='/bin/sh'
STRIP='strip'
URL='http://MacBook-Pro.local/meme'
VERSION='4.9.1'
WANT_STRLCPY_FALSE=''
WANT_STRLCPY_TRUE='#'
WEBDIR='${prefix}/web'
WEBSERVICE=''
WEBSERVICE_FALSE=''
WEBSERVICE_TRUE='#'
WEBSITE_FALSE=''
WEBSITE_TRUE='#'
XML2_CONFIG='/Users/luca/anaconda/bin/xml2-config'
XSLT_CONFIG='/Users/luca/anaconda/bin/xslt-config'
ac_ct_AR='ar'
ac_ct_CC='gcc'
ac_ct_DUMPBIN=''
am__EXEEXT_FALSE=''
am__EXEEXT_TRUE='#'
am__fastdepCC_FALSE='#'
am__fastdepCC_TRUE=''
am__include='include'
am__isrc=''
am__leading_dot='.'
am__nodep='_no'
am__quote=''
am__tar='tar --format=posix -chf - "$$tardir"'
am__untar='tar -xf -'
bindir='${exec_prefix}/bin'
build='i686-apple-darwin15.3.0'
build_alias=''
build_cpu='i686'
build_os='darwin15.3.0'
build_vendor='apple'
datadir='${datarootdir}'
datarootdir='${prefix}/share'
docdir='${datarootdir}/doc/${PACKAGE_TARNAME}'
dvidir='${docdir}'
exec_prefix='${prefix}'
host='i686-apple-darwin15.3.0'
host_alias=''
host_cpu='i686'
host_os='darwin15.3.0'
host_vendor='apple'
htmldir='${docdir}'
includedir='${prefix}/include'
infodir='${datarootdir}/info'
install_sh='${SHELL} /Users/luca/Projects/Haystack/dependencies/meme_4.9.1/config/install-sh'
libdir='${exec_prefix}/lib'
libexecdir='${exec_prefix}/libexec'
localedir='${datarootdir}/locale'
localstatedir='${prefix}/var'
mandir='${datarootdir}/man'
mkdir_p='$(top_builddir)/config/install-sh -c -d'
oldincludedir='/usr/include'
pdfdir='${docdir}'
prefix='/Users/luca/Haystack_dependencies'
program_transform_name='s,x,x,'
psdir='${docdir}'
sbindir='${exec_prefix}/sbin'
sharedstatedir='${prefix}/com'
sysconfdir='${prefix}/etc'
target_alias=''

## ----------- ##
## confdefs.h. ##
## ----------- ##

/* confdefs.h */
#define PACKAGE_NAME "meme"
#define PACKAGE_TARNAME "meme"
#define PACKAGE_VERSION "4.9.1"
#define PACKAGE_STRING "meme 4.9.1"
#define PACKAGE_BUGREPORT ""
#define PACKAGE_URL ""
#define PACKAGE "meme"
#define VERSION "4.9.1"
#define STDC_HEADERS 1
#define HAVE_SYS_TYPES_H 1
#define HAVE_SYS_STAT_H 1
#define HAVE_STDLIB_H 1
#define HAVE_STRING_H 1
#define HAVE_MEMORY_H 1
#define HAVE_STRINGS_H 1
#define HAVE_INTTYPES_H 1
#define HAVE_STDINT_H 1
#define HAVE_UNISTD_H 1
#define HAVE_DLFCN_H 1
#define LT_OBJDIR ".libs/"
#define HOSTNAME "MacBook-Pro.local"
#define HAVE_LIBXML2 1
#define HAVE_LIBXSLT 1
#define HAVE_LIBEXSLT 1
#define HAVE_LIBZ 1
#define STDC_HEADERS 1
#define HAVE_SYS_WAIT_H 1
#define HAVE_ARPA_INET_H 1
#define HAVE_CTYPE_H 1
#define HAVE_FCNTL_H 1
#define HAVE_LIMITS_H 1
#define HAVE_NETDB_H 1
#define HAVE_NETINET_IN_H 1
#define HAVE_STDLIB_H 1
#define HAVE_STRING_H 1
#define HAVE_STRINGS_H 1
#define HAVE_SYS_SOCKET_H 1
#define HAVE_SYS_TIME_H 1
#define HAVE_UNISTD_H 1
#define HAVE__BOOL 1
#define HAVE_STDBOOL_H 1
#define HAVE_FORK 1
#define HAVE_VFORK 1
#define HAVE_WORKING_VFORK 1
#define HAVE_WORKING_FORK 1
#define HAVE_STDLIB_H 1
#define HAVE_MALLOC 1
#define HAVE_STDLIB_H 1
#define HAVE_REALLOC 1
#define RETSIGTYPE void
#define HAVE_FLOOR 1
#define HAVE_GETCWD 1
#define HAVE_GETHOSTBYNAME 1
#define HAVE_ISASCII 1
#define HAVE_MEMSET 1
#define HAVE_POW 1
#define HAVE_RINT 1
#define HAVE_SOCKET 1
#define HAVE_SQRT 1
#define HAVE_STRCHR 1
#define HAVE_STRCSPN 1
#define HAVE_STRDUP 1
#define HAVE_STRSPN 1
#define HAVE_STRSTR 1
#define HAVE_STRLCPY 1
#define MACOSX /**/
#define PERL "/usr/bin/perl"
#define PYTHON "/Users/luca/anaconda/bin/python"
#define CONVERT_PATH ""
#define GHOSTSCRIPT_PATH "/usr/local/bin/gs"

configure: exit 0
